CRITICAL - 2022-07-20 09:17:31 --> Invalid file: Operator/dtkriteria.php
#0 C:\xampp\htdocs\exkul\system\View\View.php(198): CodeIgniter\Exceptions\FrameworkException::forInvalidFile('Operator/dtkrit...')
#1 C:\xampp\htdocs\exkul\system\Common.php(1089): CodeIgniter\View\View->render('Operator/dtkrit...', Array, true)
#2 C:\xampp\htdocs\exkul\app\Controllers\Operator.php(208): view('Operator/dtkrit...', Array)
#3 C:\xampp\htdocs\exkul\system\CodeIgniter.php(832): App\Controllers\Operator->dtkriteria()
#4 C:\xampp\htdocs\exkul\system\CodeIgniter.php(419): CodeIgniter\CodeIgniter->runController(Object(App\Controllers\Operator))
#5 C:\xampp\htdocs\exkul\system\CodeIgniter.php(326): CodeIgniter\CodeIgniter->handleRequest(NULL, Object(Config\Cache), false)
#6 C:\xampp\htdocs\exkul\public\index.php(37): CodeIgniter\CodeIgniter->run()
#7 C:\xampp\htdocs\exkul\system\Commands\Server\rewrite.php(43): require_once('C:\\xampp\\htdocs...')
#8 {main}
CRITICAL - 2022-07-20 09:56:05 --> Undefined variable: kriteria
#0 C:\xampp\htdocs\exkul\app\Views\operator\dt_kriteria.php(25): CodeIgniter\Debug\Exceptions->errorHandler(8, 'Undefined varia...', 'C:\\xampp\\htdocs...', 25, Array)
#1 C:\xampp\htdocs\exkul\system\View\View.php(210): include('C:\\xampp\\htdocs...')
#2 C:\xampp\htdocs\exkul\system\View\View.php(213): CodeIgniter\View\View->CodeIgniter\View\{closure}()
#3 C:\xampp\htdocs\exkul\system\Common.php(1089): CodeIgniter\View\View->render('Operator/dt_kri...', Array, true)
#4 C:\xampp\htdocs\exkul\app\Controllers\Operator.php(209): view('Operator/dt_kri...', Array)
#5 C:\xampp\htdocs\exkul\system\CodeIgniter.php(832): App\Controllers\Operator->dtkriteria()
#6 C:\xampp\htdocs\exkul\system\CodeIgniter.php(419): CodeIgniter\CodeIgniter->runController(Object(App\Controllers\Operator))
#7 C:\xampp\htdocs\exkul\system\CodeIgniter.php(326): CodeIgniter\CodeIgniter->handleRequest(NULL, Object(Config\Cache), false)
#8 C:\xampp\htdocs\exkul\public\index.php(37): CodeIgniter\CodeIgniter->run()
#9 C:\xampp\htdocs\exkul\system\Commands\Server\rewrite.php(43): require_once('C:\\xampp\\htdocs...')
#10 {main}
